2023-03-15T12:07:22.962945+00:00 INFO 'ansible_navigator.setup_logger' New ansible-navigator instance, logging initialized
2023-03-15T12:07:22.963392+00:00 INFO 'ansible_navigator.setup_logger' New ansible-runner instance, logging initialized
2023-03-15T12:07:22.963480+00:00 DEBUG 'ansible_navigator.main' ansible-builder==1.2.0 /usr/lib/python3.9/site-packages
2023-03-15T12:07:22.963551+00:00 DEBUG 'ansible_navigator.main' ansible-core==2.14.3 /usr/lib/python3.9/site-packages
2023-03-15T12:07:22.963618+00:00 DEBUG 'ansible_navigator.main' ansible-navigator==2.2.0 /usr/lib/python3.9/site-packages
2023-03-15T12:07:22.963684+00:00 DEBUG 'ansible_navigator.main' ansible-pylibssh==1.1.0 /root/.local/lib/python3.9/site-packages
2023-03-15T12:07:22.963748+00:00 DEBUG 'ansible_navigator.main' ansible-runner==2.3.1 /usr/lib/python3.9/site-packages
2023-03-15T12:07:22.963812+00:00 DEBUG 'ansible_navigator.main' attrs==21.4.0 /usr/lib/python3.9/site-packages
2023-03-15T12:07:22.963875+00:00 DEBUG 'ansible_navigator.main' bindep==2.10.2 /usr/lib/python3.9/site-packages
2023-03-15T12:07:22.963938+00:00 DEBUG 'ansible_navigator.main' certifi==2022.12.7 /root/.local/lib/python3.9/site-packages
2023-03-15T12:07:22.964000+00:00 DEBUG 'ansible_navigator.main' cffi==1.15.1 /root/.local/lib/python3.9/site-packages
2023-03-15T12:07:22.964063+00:00 DEBUG 'ansible_navigator.main' charset-normalizer==2.0.12 /root/.local/lib/python3.9/site-packages
2023-03-15T12:07:22.964125+00:00 DEBUG 'ansible_navigator.main' click==8.0.4 /usr/lib/python3.9/site-packages
2023-03-15T12:07:22.964212+00:00 DEBUG 'ansible_navigator.main' cryptography==36.0.0 /root/.local/lib/python3.9/site-packages
2023-03-15T12:07:22.964281+00:00 DEBUG 'ansible_navigator.main' dbus-python==1.2.18 /usr/lib64/python3.9/site-packages
2023-03-15T12:07:22.964345+00:00 DEBUG 'ansible_navigator.main' decorator==4.4.2 /usr/lib/python3.9/site-packages
2023-03-15T12:07:22.964406+00:00 DEBUG 'ansible_navigator.main' distro==1.6.0 /usr/lib/python3.9/site-packages
2023-03-15T12:07:22.964468+00:00 DEBUG 'ansible_navigator.main' docutils==0.16 /usr/lib/python3.9/site-packages
2023-03-15T12:07:22.964530+00:00 DEBUG 'ansible_navigator.main' ethtool==0.15 /usr/lib64/python3.9/site-packages
2023-03-15T12:07:22.964592+00:00 DEBUG 'ansible_navigator.main' file-magic==0.4.0 /usr/lib/python3.9/site-packages
2023-03-15T12:07:22.964654+00:00 DEBUG 'ansible_navigator.main' gpg==1.15.1 /usr/lib64/python3.9/site-packages
2023-03-15T12:07:22.964715+00:00 DEBUG 'ansible_navigator.main' idna==3.4 /root/.local/lib/python3.9/site-packages
2023-03-15T12:07:22.964777+00:00 DEBUG 'ansible_navigator.main' iniparse==0.4 /usr/lib/python3.9/site-packages
2023-03-15T12:07:22.964839+00:00 DEBUG 'ansible_navigator.main' jinja2==3.1.2 /usr/lib/python3.9/site-packages
2023-03-15T12:07:22.964900+00:00 DEBUG 'ansible_navigator.main' jsonschema==4.9.1 /usr/lib/python3.9/site-packages
2023-03-15T12:07:22.964962+00:00 DEBUG 'ansible_navigator.main' libcomps==0.1.18 /usr/lib64/python3.9/site-packages
2023-03-15T12:07:22.965024+00:00 DEBUG 'ansible_navigator.main' lockfile==0.12.2 /usr/lib/python3.9/site-packages
2023-03-15T12:07:22.965085+00:00 DEBUG 'ansible_navigator.main' lxml==4.9.2 /root/.local/lib/python3.9/site-packages
2023-03-15T12:07:22.965147+00:00 DEBUG 'ansible_navigator.main' markupsafe==2.1.0 /usr/lib64/python3.9/site-packages
2023-03-15T12:07:22.965250+00:00 DEBUG 'ansible_navigator.main' nftables==0.1 /usr/lib/python3.9/site-packages
2023-03-15T12:07:22.965315+00:00 DEBUG 'ansible_navigator.main' nsx-policy-python-sdk==4.0.1.0.0 /root/.local/lib/python3.9/site-packages
2023-03-15T12:07:22.965378+00:00 DEBUG 'ansible_navigator.main' nsx-python-sdk==4.0.1.0.0 /root/.local/lib/python3.9/site-packages
2023-03-15T12:07:22.965441+00:00 DEBUG 'ansible_navigator.main' nsx-vmc-aws-integration-python-sdk==4.0.1.0.0 /root/.local/lib/python3.9/site-packages
2023-03-15T12:07:22.965504+00:00 DEBUG 'ansible_navigator.main' nsx-vmc-policy-python-sdk==4.0.1.0.0 /root/.local/lib/python3.9/site-packages
2023-03-15T12:07:22.965566+00:00 DEBUG 'ansible_navigator.main' onigurumacffi==1.1.0 /usr/lib64/python3.9/site-packages
2023-03-15T12:07:22.965641+00:00 DEBUG 'ansible_navigator.main' packaging==21.3 /usr/lib/python3.9/site-packages
2023-03-15T12:07:22.965707+00:00 DEBUG 'ansible_navigator.main' parsley==1.3 /usr/lib/python3.9/site-packages
2023-03-15T12:07:22.965770+00:00 DEBUG 'ansible_navigator.main' pbr==5.8.1 /usr/lib/python3.9/site-packages
2023-03-15T12:07:22.965832+00:00 DEBUG 'ansible_navigator.main' pexpect==4.8.0 /usr/lib/python3.9/site-packages
2023-03-15T12:07:22.965894+00:00 DEBUG 'ansible_navigator.main' pip==23.0.1 /usr/local/lib/python3.9/site-packages
2023-03-15T12:07:22.965956+00:00 DEBUG 'ansible_navigator.main' podman==4.2.1 /usr/lib/python3.9/site-packages
2023-03-15T12:07:22.966018+00:00 DEBUG 'ansible_navigator.main' psycopg2==2.9.3 /usr/lib64/python3.9/site-packages
2023-03-15T12:07:22.966080+00:00 DEBUG 'ansible_navigator.main' ptyprocess==0.6.0 /usr/lib/python3.9/site-packages
2023-03-15T12:07:22.966142+00:00 DEBUG 'ansible_navigator.main' pycparser==2.21 /root/.local/lib/python3.9/site-packages
2023-03-15T12:07:22.966228+00:00 DEBUG 'ansible_navigator.main' pygobject==3.40.1 /usr/lib64/python3.9/site-packages
2023-03-15T12:07:22.966319+00:00 DEBUG 'ansible_navigator.main' pyinotify==0.9.6 /usr/lib/python3.9/site-packages
2023-03-15T12:07:22.966384+00:00 DEBUG 'ansible_navigator.main' pykerberos==1.2.4 /usr/local/lib64/python3.9/site-packages
2023-03-15T12:07:22.966446+00:00 DEBUG 'ansible_navigator.main' pyopenssl==22.0.0 /root/.local/lib/python3.9/site-packages
2023-03-15T12:07:22.966508+00:00 DEBUG 'ansible_navigator.main' pyparsing==2.4.7 /usr/lib/python3.9/site-packages
2023-03-15T12:07:22.966570+00:00 DEBUG 'ansible_navigator.main' pyrsistent==0.17.3 /usr/lib64/python3.9/site-packages
2023-03-15T12:07:22.966633+00:00 DEBUG 'ansible_navigator.main' pyspnego==0.8.0 /usr/local/lib/python3.9/site-packages
2023-03-15T12:07:22.966695+00:00 DEBUG 'ansible_navigator.main' python-daemon==2.3.0 /usr/lib/python3.9/site-packages
2023-03-15T12:07:22.966756+00:00 DEBUG 'ansible_navigator.main' python-dateutil==2.8.1 /usr/lib/python3.9/site-packages
2023-03-15T12:07:22.966819+00:00 DEBUG 'ansible_navigator.main' python-dmidecode==3.12.2 /usr/lib64/python3.9/site-packages
2023-03-15T12:07:22.966880+00:00 DEBUG 'ansible_navigator.main' pyvmomi==7.0.3 /root/.local/lib/python3.9/site-packages
2023-03-15T12:07:22.966942+00:00 DEBUG 'ansible_navigator.main' pywinrm==0.4.3 /usr/local/lib/python3.9/site-packages
2023-03-15T12:07:22.967003+00:00 DEBUG 'ansible_navigator.main' pyxdg==0.27 /usr/lib/python3.9/site-packages
2023-03-15T12:07:22.967065+00:00 DEBUG 'ansible_navigator.main' pyyaml==5.4.1 /usr/lib64/python3.9/site-packages
2023-03-15T12:07:22.967126+00:00 DEBUG 'ansible_navigator.main' receptorctl==1.3.1 /usr/lib/python3.9/site-packages
2023-03-15T12:07:22.967210+00:00 DEBUG 'ansible_navigator.main' requests-ntlm==1.2.0 /usr/local/lib/python3.9/site-packages
2023-03-15T12:07:22.967275+00:00 DEBUG 'ansible_navigator.main' requests==2.27.1 /root/.local/lib/python3.9/site-packages
2023-03-15T12:07:22.967337+00:00 DEBUG 'ansible_navigator.main' requirements-parser==0.2.0 /usr/lib/python3.9/site-packages
2023-03-15T12:07:22.967399+00:00 DEBUG 'ansible_navigator.main' resolvelib==0.5.4 /usr/lib/python3.9/site-packages
2023-03-15T12:07:22.967461+00:00 DEBUG 'ansible_navigator.main' rpm==4.16.1.3 /usr/lib64/python3.9/site-packages
2023-03-15T12:07:22.967522+00:00 DEBUG 'ansible_navigator.main' selinux==3.4 /usr/lib64/python3.9/site-packages
2023-03-15T12:07:22.967584+00:00 DEBUG 'ansible_navigator.main' sepolicy==3.3 /usr/lib/python3.9/site-packages
2023-03-15T12:07:22.967646+00:00 DEBUG 'ansible_navigator.main' setools==4.4.0 /usr/lib64/python3.9/site-packages
2023-03-15T12:07:22.967709+00:00 DEBUG 'ansible_navigator.main' setuptools==62.0.0 /root/.local/lib/python3.9/site-packages
2023-03-15T12:07:22.967770+00:00 DEBUG 'ansible_navigator.main' six==1.16.0 /root/.local/lib/python3.9/site-packages
2023-03-15T12:07:22.967832+00:00 DEBUG 'ansible_navigator.main' sos==4.3 /usr/lib/python3.9/site-packages
2023-03-15T12:07:22.967902+00:00 DEBUG 'ansible_navigator.main' subscription-manager==1.29.26 /usr/lib64/python3.9/site-packages
2023-03-15T12:07:22.967967+00:00 DEBUG 'ansible_navigator.main' supervisor==4.2.4 /usr/lib/python3.9/site-packages
2023-03-15T12:07:22.968029+00:00 DEBUG 'ansible_navigator.main' toml==0.10.2 /usr/lib/python3.9/site-packages
2023-03-15T12:07:22.968090+00:00 DEBUG 'ansible_navigator.main' udica==0.2.6 /usr/lib/python3.9/site-packages
2023-03-15T12:07:22.968164+00:00 DEBUG 'ansible_navigator.main' urllib3==1.26.14 /root/.local/lib/python3.9/site-packages
2023-03-15T12:07:22.968235+00:00 DEBUG 'ansible_navigator.main' vapi-client-bindings==4.0.0 /root/.local/lib/python3.9/site-packages
2023-03-15T12:07:22.968300+00:00 DEBUG 'ansible_navigator.main' vapi-common-client==2.37.0 /root/.local/lib/python3.9/site-packages
2023-03-15T12:07:22.968363+00:00 DEBUG 'ansible_navigator.main' vapi-runtime==2.37.0 /root/.local/lib/python3.9/site-packages
2023-03-15T12:07:22.968424+00:00 DEBUG 'ansible_navigator.main' vmc-client-bindings==1.61.0 /root/.local/lib/python3.9/site-packages
2023-03-15T12:07:22.968487+00:00 DEBUG 'ansible_navigator.main' vmc-draas-client-bindings==1.20.0 /root/.local/lib/python3.9/site-packages
2023-03-15T12:07:22.968549+00:00 DEBUG 'ansible_navigator.main' vsphere-automation-sdk==1.80.0 /root/.local/lib/python3.9/site-packages
2023-03-15T12:07:22.968611+00:00 DEBUG 'ansible_navigator.main' xmltodict==0.13.0 /usr/local/lib/python3.9/site-packages
2023-03-15T12:07:22.968673+00:00 DEBUG 'ansible_navigator.main' Share directory '/usr/lib/python3.9/share/ansible_navigator' not found (development path)
2023-03-15T12:07:22.968736+00:00 DEBUG 'ansible_navigator.main' Share directory '/root/.local/share/ansible_navigator' not found (userbase)
2023-03-15T12:07:22.968798+00:00 DEBUG 'ansible_navigator.main' Share directory '/usr/share/ansible_navigator' found (sys.prefix)
2023-03-15T12:07:22.968860+00:00 DEBUG 'ansible_navigator.main' Default collection_doc_cache_path set to: /root/.cache/ansible-navigator/collection_doc_cache.db
2023-03-15T12:07:22.968923+00:00 DEBUG 'ansible_navigator.main' EDITOR environment variable not set
2023-03-15T12:07:22.968985+00:00 DEBUG 'ansible_navigator.main' Default editor_command set to: vi +{line_number} {filename}
2023-03-15T12:07:22.969047+00:00 DEBUG 'ansible_navigator.main' No config file set by ANSIBLE_NAVIGATOR_CONFIG
2023-03-15T12:07:22.969109+00:00 DEBUG 'ansible_navigator.main' Looking in /root
2023-03-15T12:07:22.969199+00:00 DEBUG 'ansible_navigator.main' Looking for '/root/.ansible-navigator.yml', '/root/.ansible-navigator.yaml' and '/root/.ansible-navigator.json'
2023-03-15T12:07:22.969276+00:00 DEBUG 'ansible_navigator.main' Found 1: '/root/.ansible-navigator.yml'
2023-03-15T12:07:22.969343+00:00 DEBUG 'ansible_navigator.main' Looking in /var/lib/awx/projects/we
2023-03-15T12:07:22.969406+00:00 DEBUG 'ansible_navigator.main' Looking for '/var/lib/awx/projects/we/ansible-navigator.yml', '/var/lib/awx/projects/we/ansible-navigator.yaml' and '/var/lib/awx/projects/we/ansible-navigator.json'
2023-03-15T12:07:22.969469+00:00 DEBUG 'ansible_navigator.main' Found 0: 
2023-03-15T12:07:22.969531+00:00 DEBUG 'ansible_navigator.main' All found 1: '/root/.ansible-navigator.yml'
2023-03-15T12:07:22.969592+00:00 DEBUG 'ansible_navigator.main' Using: /root/.ansible-navigator.yml
2023-03-15T12:07:22.969655+00:00 DEBUG 'ansible_navigator.main' Using settings file at /root/.ansible-navigator.yml in search path
2023-03-15T12:07:22.969717+00:00 DEBUG 'ansible_navigator.main' Command provided: 'run -m stdout gatherfact.yml -m stdout.ipv4'
2023-03-15T12:07:22.969779+00:00 DEBUG 'ansible_navigator.main' ansible-navigator.ansible-runner.artifact-dir not found in settings file
2023-03-15T12:07:22.969840+00:00 DEBUG 'ansible_navigator.main' ansible-navigator.ansible-runner.rotate-artifacts-count not found in settings file
2023-03-15T12:07:22.969902+00:00 DEBUG 'ansible_navigator.main' ansible-navigator.ansible-runner.timeout not found in settings file
2023-03-15T12:07:22.969972+00:00 DEBUG 'ansible_navigator.main' ansible-navigator.app not found in settings file
2023-03-15T12:07:22.970036+00:00 DEBUG 'ansible_navigator.main' ansible-navigator.ansible.cmdline not found in settings file
2023-03-15T12:07:22.970098+00:00 DEBUG 'ansible_navigator.main' ansible-navigator.collection-doc-cache-path not found in settings file
2023-03-15T12:07:22.970175+00:00 DEBUG 'ansible_navigator.main' ansible-navigator.ansible.config.path not found in settings file
2023-03-15T12:07:22.970246+00:00 DEBUG 'ansible_navigator.main' ansible-navigator.execution-environment.container-engine not found in settings file
2023-03-15T12:07:22.970310+00:00 DEBUG 'ansible_navigator.main' ansible-navigator.execution-environment.container-options not found in settings file
2023-03-15T12:07:22.970372+00:00 DEBUG 'ansible_navigator.main' ansible-navigator.color.enable not found in settings file
2023-03-15T12:07:22.970434+00:00 DEBUG 'ansible_navigator.main' ansible-navigator.editor.command not found in settings file
2023-03-15T12:07:22.970496+00:00 DEBUG 'ansible_navigator.main' ansible-navigator.editor.console not found in settings file
2023-03-15T12:07:22.970558+00:00 DEBUG 'ansible_navigator.main' ansible-navigator.exec.command not found in settings file
2023-03-15T12:07:22.970620+00:00 DEBUG 'ansible_navigator.main' ansible-navigator.exec.shell not found in settings file
2023-03-15T12:07:22.970682+00:00 DEBUG 'ansible_navigator.main' ansible-navigator.execution-environment.enabled not found in settings file
2023-03-15T12:07:22.970744+00:00 DEBUG 'ansible_navigator.main' ansible-navigator.execution-environment.volume-mounts not found in settings file
2023-03-15T12:07:22.970807+00:00 DEBUG 'ansible_navigator.main' ansible-navigator.ansible-builder.help not found in settings file
2023-03-15T12:07:22.970868+00:00 DEBUG 'ansible_navigator.main' ansible-navigator.ansible.config.help not found in settings file
2023-03-15T12:07:22.970930+00:00 DEBUG 'ansible_navigator.main' ansible-navigator.ansible.doc.help not found in settings file
2023-03-15T12:07:22.970992+00:00 DEBUG 'ansible_navigator.main' ansible-navigator.ansible.inventory.help not found in settings file
2023-03-15T12:07:22.971053+00:00 DEBUG 'ansible_navigator.main' ansible-navigator.ansible.playbook.help not found in settings file
2023-03-15T12:07:22.971115+00:00 DEBUG 'ansible_navigator.main' ansible-navigator.images.details not found in settings file
2023-03-15T12:07:22.971196+00:00 DEBUG 'ansible_navigator.main' ansible-navigator.ansible.inventory.entries not found in settings file
2023-03-15T12:07:22.971262+00:00 DEBUG 'ansible_navigator.main' ansible-navigator.inventory-columns not found in settings file
2023-03-15T12:07:22.971324+00:00 DEBUG 'ansible_navigator.main' ansible-navigator.ansible-lint.config not found in settings file
2023-03-15T12:07:22.971386+00:00 DEBUG 'ansible_navigator.main' ansible-navigator.ansible-lint.lintables not found in settings file
2023-03-15T12:07:22.971448+00:00 DEBUG 'ansible_navigator.main' ansible-navigator.logging.append not found in settings file
2023-03-15T12:07:22.971510+00:00 DEBUG 'ansible_navigator.main' ansible-navigator.logging.file not found in settings file
2023-03-15T12:07:22.971572+00:00 DEBUG 'ansible_navigator.main' ansible-navigator.logging.level not found in settings file
2023-03-15T12:07:22.971635+00:00 DEBUG 'ansible_navigator.main' ansible-navigator.mode not found in settings file
2023-03-15T12:07:22.971697+00:00 DEBUG 'ansible_navigator.main' ansible-navigator.color.osc4 not found in settings file
2023-03-15T12:07:22.971758+00:00 DEBUG 'ansible_navigator.main' ansible-navigator.execution-environment.environment-variables.pass not found in settings file
2023-03-15T12:07:22.971821+00:00 DEBUG 'ansible_navigator.main' ansible-navigator.ansible.playbook.path not found in settings file
2023-03-15T12:07:22.971882+00:00 DEBUG 'ansible_navigator.main' ansible-navigator.playbook-artifact.replay not found in settings file
2023-03-15T12:07:22.971944+00:00 DEBUG 'ansible_navigator.main' ansible-navigator.playbook-artifact.save-as not found in settings file
2023-03-15T12:07:22.972013+00:00 DEBUG 'ansible_navigator.main' ansible-navigator.ansible.doc.plugin.name not found in settings file
2023-03-15T12:07:22.972078+00:00 DEBUG 'ansible_navigator.main' ansible-navigator.ansible.doc.plugin.type not found in settings file
2023-03-15T12:07:22.972141+00:00 DEBUG 'ansible_navigator.main' ansible-navigator.execution-environment.pull.arguments not found in settings file
2023-03-15T12:07:22.972224+00:00 DEBUG 'ansible_navigator.main' ansible-navigator.execution-environment.environment-variables.set not found in settings file
2023-03-15T12:07:22.972301+00:00 DEBUG 'ansible_navigator.main' ansible-navigator.settings.effective not found in settings file
2023-03-15T12:07:22.972365+00:00 DEBUG 'ansible_navigator.main' ansible-navigator.settings.sample not found in settings file
2023-03-15T12:07:22.972428+00:00 DEBUG 'ansible_navigator.main' ansible-navigator.settings.schema not found in settings file
2023-03-15T12:07:22.972490+00:00 DEBUG 'ansible_navigator.main' ansible-navigator.settings.sources not found in settings file
2023-03-15T12:07:22.972639+00:00 DEBUG 'ansible_navigator.main' ansible-navigator.time-zone not found in settings file
2023-03-15T12:07:22.972759+00:00 DEBUG 'ansible_navigator.main' ansible-navigator.ansible-builder.workdir not found in settings file
2023-03-15T12:07:22.972961+00:00 DEBUG 'ansible_navigator.main' EE support enabled: using current working directory for 'ansible.cfg'
2023-03-15T12:07:22.973029+00:00 INFO 'ansible_navigator.main' EE support enabled: found 'ansible.cfg' in current working directory.
2023-03-15T12:07:22.973092+00:00 DEBUG 'ansible_navigator.main' Completed post processing for ansible_runner_artifact_dir. (changed=False)
2023-03-15T12:07:22.973171+00:00 DEBUG 'ansible_navigator.main' Completed post processing for ansible_runner_rotate_artifacts_count. (changed=False)
2023-03-15T12:07:22.973244+00:00 DEBUG 'ansible_navigator.main' Completed post processing for ansible_runner_timeout. (changed=False)
2023-03-15T12:07:22.973309+00:00 DEBUG 'ansible_navigator.main' Completed post processing for cmdline. (changed=False)
2023-03-15T12:07:22.973372+00:00 DEBUG 'ansible_navigator.main' Completed post processing for collection_doc_cache_path. (changed=False)
2023-03-15T12:07:22.973433+00:00 DEBUG 'ansible_navigator.main' Completed post processing for container_engine. (changed=True)
2023-03-15T12:07:22.973495+00:00 DEBUG 'ansible_navigator.main'  before: 'auto'
2023-03-15T12:07:22.973558+00:00 DEBUG 'ansible_navigator.main'  after: 'podman'
2023-03-15T12:07:22.973620+00:00 DEBUG 'ansible_navigator.main' Completed post processing for container_options. (changed=False)
2023-03-15T12:07:22.973681+00:00 DEBUG 'ansible_navigator.main' Completed post processing for display_color. (changed=False)
2023-03-15T12:07:22.973744+00:00 DEBUG 'ansible_navigator.main' Completed post processing for execution_environment. (changed=False)
2023-03-15T12:07:22.973805+00:00 DEBUG 'ansible_navigator.main' Completed post processing for execution_environment_image. (changed=False)
2023-03-15T12:07:22.973867+00:00 DEBUG 'ansible_navigator.main' Completed post processing for help_builder. (changed=False)
2023-03-15T12:07:22.973929+00:00 DEBUG 'ansible_navigator.main' Completed post processing for help_config. (changed=False)
2023-03-15T12:07:22.973991+00:00 DEBUG 'ansible_navigator.main' Completed post processing for help_doc. (changed=False)
2023-03-15T12:07:22.974052+00:00 DEBUG 'ansible_navigator.main' Completed post processing for help_inventory. (changed=False)
2023-03-15T12:07:22.974114+00:00 DEBUG 'ansible_navigator.main' Completed post processing for help_playbook. (changed=False)
2023-03-15T12:07:22.974196+00:00 DEBUG 'ansible_navigator.main' Completed post processing for images_details. (changed=False)
2023-03-15T12:07:22.974265+00:00 DEBUG 'ansible_navigator.main' Completed post processing for inventory. (changed=True)
2023-03-15T12:07:22.974329+00:00 DEBUG 'ansible_navigator.main'  before: 'Not set'
2023-03-15T12:07:22.974430+00:00 DEBUG 'ansible_navigator.main'  after: '['/var/lib/awx/projects/we/inventory']'
2023-03-15T12:07:22.974498+00:00 DEBUG 'ansible_navigator.main' Completed post processing for inventory_column. (changed=False)
2023-03-15T12:07:22.974561+00:00 DEBUG 'ansible_navigator.main' Completed post processing for log_file. (changed=False)
2023-03-15T12:07:22.974624+00:00 DEBUG 'ansible_navigator.main' Completed post processing for pass_environment_variable. (changed=False)
2023-03-15T12:07:22.974686+00:00 DEBUG 'ansible_navigator.main' Completed post processing for playbook. (changed=True)
2023-03-15T12:07:22.974749+00:00 DEBUG 'ansible_navigator.main'  before: 'gatherfact.yml'
2023-03-15T12:07:22.974811+00:00 DEBUG 'ansible_navigator.main'  after: '/var/lib/awx/projects/we/gatherfact.yml'
2023-03-15T12:07:22.974873+00:00 DEBUG 'ansible_navigator.main' Completed post processing for playbook_artifact_replay. (changed=False)
2023-03-15T12:07:22.974936+00:00 DEBUG 'ansible_navigator.main' Completed post processing for playbook_artifact_save_as. (changed=False)
2023-03-15T12:07:22.974998+00:00 DEBUG 'ansible_navigator.main' Completed post processing for plugin_name. (changed=False)
2023-03-15T12:07:22.975060+00:00 DEBUG 'ansible_navigator.main' Completed post processing for pull_arguments. (changed=False)
2023-03-15T12:07:22.975122+00:00 DEBUG 'ansible_navigator.main' Completed post processing for set_environment_variable. (changed=False)
2023-03-15T12:07:22.975206+00:00 DEBUG 'ansible_navigator.main' Completed post processing for settings_effective. (changed=False)
2023-03-15T12:07:22.975271+00:00 DEBUG 'ansible_navigator.main' Completed post processing for settings_sample. (changed=False)
2023-03-15T12:07:22.975333+00:00 DEBUG 'ansible_navigator.main' Completed post processing for settings_schema. (changed=False)
2023-03-15T12:07:22.975396+00:00 DEBUG 'ansible_navigator.main' Completed post processing for settings_sources. (changed=False)
2023-03-15T12:07:22.975457+00:00 DEBUG 'ansible_navigator.main' Completed post processing for time_zone. (changed=False)
2023-03-15T12:07:22.975519+00:00 DEBUG 'ansible_navigator.main' Completed post processing for execution_environment_volume_mounts. (changed=False)
2023-03-15T12:07:22.975581+00:00 DEBUG 'ansible_navigator.main' Completed post processing for mode. (changed=False)
2023-03-15T12:07:22.975649+00:00 WARNING 'ansible_navigator.main' Configuration errors encountered, rolling back to previous configuration.
2023-03-15T12:07:22.975712+00:00 DEBUG 'ansible_navigator.main' Prior to rollback: ansible_runner_artifact_dir = 'Not set' (Constants/Not set)
2023-03-15T12:07:22.975774+00:00 DEBUG 'ansible_navigator.main' Prior to rollback: ansible_runner_rotate_artifacts_count = 'Not set' (Constants/Not set)
2023-03-15T12:07:22.975836+00:00 DEBUG 'ansible_navigator.main' Prior to rollback: ansible_runner_timeout = 'Not set' (Constants/Not set)
2023-03-15T12:07:22.975898+00:00 DEBUG 'ansible_navigator.main' Prior to rollback: app = 'run' (str/Command line)
2023-03-15T12:07:22.975960+00:00 DEBUG 'ansible_navigator.main' Prior to rollback: cmdline = 'Not set' (Constants/Not set)
2023-03-15T12:07:22.976022+00:00 DEBUG 'ansible_navigator.main' Prior to rollback: collection_doc_cache_path = '/root/.cache/ansible-navigator/collection_doc_cache.db' (str/Defaults)
2023-03-15T12:07:22.976084+00:00 DEBUG 'ansible_navigator.main' Prior to rollback: config = 'Not set' (Constants/Not set)
2023-03-15T12:07:22.976145+00:00 DEBUG 'ansible_navigator.main' Prior to rollback: container_engine = 'podman' (str/Automatically determined)
2023-03-15T12:07:22.976229+00:00 DEBUG 'ansible_navigator.main' Prior to rollback: container_options = 'Not set' (Constants/Not set)
2023-03-15T12:07:22.976293+00:00 DEBUG 'ansible_navigator.main' Prior to rollback: display_color = 'True' (bool/Defaults)
2023-03-15T12:07:22.976355+00:00 DEBUG 'ansible_navigator.main' Prior to rollback: editor_command = 'vi +{line_number} {filename}' (str/Defaults)
2023-03-15T12:07:22.976418+00:00 DEBUG 'ansible_navigator.main' Prior to rollback: editor_console = 'True' (bool/Defaults)
2023-03-15T12:07:22.976496+00:00 DEBUG 'ansible_navigator.main' Prior to rollback: exec_command = '/bin/bash' (str/Defaults)
2023-03-15T12:07:22.976561+00:00 DEBUG 'ansible_navigator.main' Prior to rollback: exec_shell = 'True' (bool/Defaults)
2023-03-15T12:07:22.976623+00:00 DEBUG 'ansible_navigator.main' Prior to rollback: execution_environment = 'True' (bool/Defaults)
2023-03-15T12:07:22.976685+00:00 DEBUG 'ansible_navigator.main' Prior to rollback: execution_environment_image = 'registry.redhat.io/ansible-automation-platform-23/ee-supported-rhel8:latest' (str/Settings file)
2023-03-15T12:07:22.976748+00:00 DEBUG 'ansible_navigator.main' Prior to rollback: execution_environment_volume_mounts = 'Not set' (Constants/Not set)
2023-03-15T12:07:22.976810+00:00 DEBUG 'ansible_navigator.main' Prior to rollback: help_builder = 'False' (bool/Defaults)
2023-03-15T12:07:22.976871+00:00 DEBUG 'ansible_navigator.main' Prior to rollback: help_config = 'False' (bool/Defaults)
2023-03-15T12:07:22.976933+00:00 DEBUG 'ansible_navigator.main' Prior to rollback: help_doc = 'False' (bool/Defaults)
2023-03-15T12:07:22.976995+00:00 DEBUG 'ansible_navigator.main' Prior to rollback: help_inventory = 'False' (bool/Defaults)
2023-03-15T12:07:22.977057+00:00 DEBUG 'ansible_navigator.main' Prior to rollback: help_playbook = 'False' (bool/Defaults)
2023-03-15T12:07:22.977119+00:00 DEBUG 'ansible_navigator.main' Prior to rollback: images_details = '['everything']' (list/Defaults)
2023-03-15T12:07:22.977202+00:00 DEBUG 'ansible_navigator.main' Prior to rollback: inventory = '['/var/lib/awx/projects/we/inventory']' (list/Ansible configuration file)
2023-03-15T12:07:22.977277+00:00 DEBUG 'ansible_navigator.main' Prior to rollback: inventory_column = 'Not set' (Constants/Not set)
2023-03-15T12:07:22.977344+00:00 DEBUG 'ansible_navigator.main' Prior to rollback: lint_config = 'Not set' (Constants/Not set)
2023-03-15T12:07:22.977407+00:00 DEBUG 'ansible_navigator.main' Prior to rollback: lintables = 'Not set' (Constants/Not set)
2023-03-15T12:07:22.977469+00:00 DEBUG 'ansible_navigator.main' Prior to rollback: log_append = 'True' (bool/Defaults)
2023-03-15T12:07:22.977532+00:00 DEBUG 'ansible_navigator.main' Prior to rollback: log_file = '/var/lib/awx/projects/we/ansible-navigator.log' (str/Defaults)
2023-03-15T12:07:22.977594+00:00 DEBUG 'ansible_navigator.main' Prior to rollback: log_level = 'warning' (str/Defaults)
2023-03-15T12:07:22.977656+00:00 DEBUG 'ansible_navigator.main' Prior to rollback: mode = 'stdout.ipv4' (str/Command line)
2023-03-15T12:07:22.977717+00:00 DEBUG 'ansible_navigator.main' Prior to rollback: osc4 = 'True' (bool/Defaults)
2023-03-15T12:07:22.977779+00:00 DEBUG 'ansible_navigator.main' Prior to rollback: pass_environment_variable = 'Not set' (Constants/Not set)
2023-03-15T12:07:22.977841+00:00 DEBUG 'ansible_navigator.main' Prior to rollback: playbook = '/var/lib/awx/projects/we/gatherfact.yml' (str/Command line)
2023-03-15T12:07:22.977903+00:00 DEBUG 'ansible_navigator.main' Prior to rollback: playbook_artifact_enable = 'False' (bool/Settings file)
2023-03-15T12:07:22.977965+00:00 DEBUG 'ansible_navigator.main' Prior to rollback: playbook_artifact_replay = 'Not set' (Constants/Not set)
2023-03-15T12:07:22.978027+00:00 DEBUG 'ansible_navigator.main' Prior to rollback: playbook_artifact_save_as = '{playbook_dir}/{playbook_name}-artifact-{time_stamp}.json' (str/Defaults)
2023-03-15T12:07:22.978089+00:00 DEBUG 'ansible_navigator.main' Prior to rollback: plugin_name = 'Not set' (Constants/Not set)
2023-03-15T12:07:22.978163+00:00 DEBUG 'ansible_navigator.main' Prior to rollback: plugin_type = 'module' (str/Defaults)
2023-03-15T12:07:22.978235+00:00 DEBUG 'ansible_navigator.main' Prior to rollback: pull_arguments = 'Not set' (Constants/Not set)
2023-03-15T12:07:22.978300+00:00 DEBUG 'ansible_navigator.main' Prior to rollback: pull_policy = 'missing' (str/Settings file)
2023-03-15T12:07:22.978362+00:00 DEBUG 'ansible_navigator.main' Prior to rollback: set_environment_variable = 'Not set' (Constants/Not set)
2023-03-15T12:07:22.978432+00:00 DEBUG 'ansible_navigator.main' Prior to rollback: settings_effective = 'False' (bool/Defaults)
2023-03-15T12:07:22.978497+00:00 DEBUG 'ansible_navigator.main' Prior to rollback: settings_sample = 'False' (bool/Defaults)
2023-03-15T12:07:22.978560+00:00 DEBUG 'ansible_navigator.main' Prior to rollback: settings_schema = 'json' (str/Defaults)
2023-03-15T12:07:22.978621+00:00 DEBUG 'ansible_navigator.main' Prior to rollback: settings_sources = 'False' (bool/Defaults)
2023-03-15T12:07:22.978683+00:00 DEBUG 'ansible_navigator.main' Prior to rollback: time_zone = 'UTC' (str/Defaults)
2023-03-15T12:07:22.978745+00:00 DEBUG 'ansible_navigator.main' Prior to rollback: workdir = '/var/lib/awx/projects/we' (str/Defaults)
2023-03-15T12:07:22.978807+00:00 DEBUG 'ansible_navigator.main' After rollback: ansible_runner_artifact_dir = 'Not set' (Constants/Not set)
2023-03-15T12:07:22.978869+00:00 DEBUG 'ansible_navigator.main' After rollback: ansible_runner_rotate_artifacts_count = 'Not set' (Constants/Not set)
2023-03-15T12:07:22.978931+00:00 DEBUG 'ansible_navigator.main' After rollback: ansible_runner_timeout = 'Not set' (Constants/Not set)
2023-03-15T12:07:22.978992+00:00 DEBUG 'ansible_navigator.main' After rollback: app = 'Not set' (Constants/Not set)
2023-03-15T12:07:22.979054+00:00 DEBUG 'ansible_navigator.main' After rollback: cmdline = 'Not set' (Constants/Not set)
2023-03-15T12:07:22.979115+00:00 DEBUG 'ansible_navigator.main' After rollback: collection_doc_cache_path = 'Not set' (Constants/Not set)
2023-03-15T12:07:22.979197+00:00 DEBUG 'ansible_navigator.main' After rollback: config = 'Not set' (Constants/Not set)
2023-03-15T12:07:22.979262+00:00 DEBUG 'ansible_navigator.main' After rollback: container_engine = 'Not set' (Constants/Not set)
2023-03-15T12:07:22.979325+00:00 DEBUG 'ansible_navigator.main' After rollback: container_options = 'Not set' (Constants/Not set)
2023-03-15T12:07:22.979387+00:00 DEBUG 'ansible_navigator.main' After rollback: display_color = 'Not set' (Constants/Not set)
2023-03-15T12:07:22.979449+00:00 DEBUG 'ansible_navigator.main' After rollback: editor_command = 'Not set' (Constants/Not set)
2023-03-15T12:07:22.979511+00:00 DEBUG 'ansible_navigator.main' After rollback: editor_console = 'Not set' (Constants/Not set)
2023-03-15T12:07:22.979573+00:00 DEBUG 'ansible_navigator.main' After rollback: exec_command = 'Not set' (Constants/Not set)
2023-03-15T12:07:22.979635+00:00 DEBUG 'ansible_navigator.main' After rollback: exec_shell = 'Not set' (Constants/Not set)
2023-03-15T12:07:22.979697+00:00 DEBUG 'ansible_navigator.main' After rollback: execution_environment = 'Not set' (Constants/Not set)
2023-03-15T12:07:22.979759+00:00 DEBUG 'ansible_navigator.main' After rollback: execution_environment_image = 'Not set' (Constants/Not set)
2023-03-15T12:07:22.979820+00:00 DEBUG 'ansible_navigator.main' After rollback: execution_environment_volume_mounts = 'Not set' (Constants/Not set)
2023-03-15T12:07:22.979882+00:00 DEBUG 'ansible_navigator.main' After rollback: help_builder = 'Not set' (Constants/Not set)
2023-03-15T12:07:22.979944+00:00 DEBUG 'ansible_navigator.main' After rollback: help_config = 'Not set' (Constants/Not set)
2023-03-15T12:07:22.980006+00:00 DEBUG 'ansible_navigator.main' After rollback: help_doc = 'Not set' (Constants/Not set)
2023-03-15T12:07:22.980067+00:00 DEBUG 'ansible_navigator.main' After rollback: help_inventory = 'Not set' (Constants/Not set)
2023-03-15T12:07:22.980129+00:00 DEBUG 'ansible_navigator.main' After rollback: help_playbook = 'Not set' (Constants/Not set)
2023-03-15T12:07:22.980211+00:00 DEBUG 'ansible_navigator.main' After rollback: images_details = 'Not set' (Constants/Not set)
2023-03-15T12:07:22.980287+00:00 DEBUG 'ansible_navigator.main' After rollback: inventory = 'Not set' (Constants/Not set)
2023-03-15T12:07:22.980352+00:00 DEBUG 'ansible_navigator.main' After rollback: inventory_column = 'Not set' (Constants/Not set)
2023-03-15T12:07:22.980415+00:00 DEBUG 'ansible_navigator.main' After rollback: lint_config = 'Not set' (Constants/Not set)
2023-03-15T12:07:22.980485+00:00 DEBUG 'ansible_navigator.main' After rollback: lintables = 'Not set' (Constants/Not set)
2023-03-15T12:07:22.980550+00:00 DEBUG 'ansible_navigator.main' After rollback: log_append = 'Not set' (Constants/Not set)
2023-03-15T12:07:22.980613+00:00 DEBUG 'ansible_navigator.main' After rollback: log_file = 'Not set' (Constants/Not set)
2023-03-15T12:07:22.980674+00:00 DEBUG 'ansible_navigator.main' After rollback: log_level = 'Not set' (Constants/Not set)
2023-03-15T12:07:22.980736+00:00 DEBUG 'ansible_navigator.main' After rollback: mode = 'Not set' (Constants/Not set)
2023-03-15T12:07:22.980798+00:00 DEBUG 'ansible_navigator.main' After rollback: osc4 = 'Not set' (Constants/Not set)
2023-03-15T12:07:22.980859+00:00 DEBUG 'ansible_navigator.main' After rollback: pass_environment_variable = 'Not set' (Constants/Not set)
2023-03-15T12:07:22.980921+00:00 DEBUG 'ansible_navigator.main' After rollback: playbook = 'Not set' (Constants/Not set)
2023-03-15T12:07:22.980983+00:00 DEBUG 'ansible_navigator.main' After rollback: playbook_artifact_enable = 'Not set' (Constants/Not set)
2023-03-15T12:07:22.981045+00:00 DEBUG 'ansible_navigator.main' After rollback: playbook_artifact_replay = 'Not set' (Constants/Not set)
2023-03-15T12:07:22.981107+00:00 DEBUG 'ansible_navigator.main' After rollback: playbook_artifact_save_as = 'Not set' (Constants/Not set)
2023-03-15T12:07:22.981181+00:00 DEBUG 'ansible_navigator.main' After rollback: plugin_name = 'Not set' (Constants/Not set)
2023-03-15T12:07:22.981252+00:00 DEBUG 'ansible_navigator.main' After rollback: plugin_type = 'Not set' (Constants/Not set)
2023-03-15T12:07:22.981315+00:00 DEBUG 'ansible_navigator.main' After rollback: pull_arguments = 'Not set' (Constants/Not set)
2023-03-15T12:07:22.981377+00:00 DEBUG 'ansible_navigator.main' After rollback: pull_policy = 'Not set' (Constants/Not set)
2023-03-15T12:07:22.981440+00:00 DEBUG 'ansible_navigator.main' After rollback: set_environment_variable = 'Not set' (Constants/Not set)
2023-03-15T12:07:22.981501+00:00 DEBUG 'ansible_navigator.main' After rollback: settings_effective = 'Not set' (Constants/Not set)
2023-03-15T12:07:22.981563+00:00 DEBUG 'ansible_navigator.main' After rollback: settings_sample = 'Not set' (Constants/Not set)
2023-03-15T12:07:22.981626+00:00 DEBUG 'ansible_navigator.main' After rollback: settings_schema = 'Not set' (Constants/Not set)
2023-03-15T12:07:22.981687+00:00 DEBUG 'ansible_navigator.main' After rollback: settings_sources = 'Not set' (Constants/Not set)
2023-03-15T12:07:22.981749+00:00 DEBUG 'ansible_navigator.main' After rollback: time_zone = 'Not set' (Constants/Not set)
2023-03-15T12:07:22.981812+00:00 DEBUG 'ansible_navigator.main' After rollback: workdir = 'Not set' (Constants/Not set)
2023-03-15T12:07:22.981873+00:00 DEBUG 'ansible_navigator.main' Configuration rollback complete.
2023-03-15T12:07:22.981935+00:00 DEBUG 'ansible_navigator.main' Collection doc cache not mounted
2023-03-15T12:07:22.982008+00:00 WARNING 'ansible_navigator.main' Issues were found while applying the settings.
2023-03-15T12:07:22.982078+00:00 INFO 'ansible_navigator.main' Command provided: 'run -m stdout gatherfact.yml -m stdout.ipv4'
2023-03-15T12:07:22.982162+00:00 ERROR 'ansible_navigator.main' The setting 'mode' must be one of 'stdout' or 'interactive', but set as 'stdout.ipv4'. (Command line)
2023-03-15T12:07:22.982242+00:00 INFO 'ansible_navigator.main' Try again with '-m stdout' or '-m interactive'
2023-03-15T12:07:22.982311+00:00 INFO 'ansible_navigator.main' Configuration failed, using default log file location. (/var/lib/awx/projects/we/ansible-navigator.log) Log level set to debug
2023-03-15T12:07:22.982380+00:00 INFO 'ansible_navigator.main' Review the hints and log file to see what went wrong.
2023-03-22T13:59:58.435508+00:00 ERROR 'ansible_navigator.image_manager.puller._log_message' Execution environment pull failed
2023-03-22T14:00:16.092299+00:00 ERROR 'ansible_navigator.image_manager.puller._log_message' Execution environment pull failed
2023-03-22T14:28:46.798243+00:00 WARNING 'ansible_navigator.run' Dirty exit, killing the pid
2023-03-26T11:54:32.100775+00:00 WARNING 'ansible_navigator.run' Dirty exit, killing the pid
2023-03-28T09:14:37.670902+00:00 WARNING 'ansible_navigator.run' Dirty exit, killing the pid
